src/android_core/android_camera_driver/build/outputs/apk/manifest-merger-debug-report.txt
-- Merging decision tree log ---
manifest
ADDED from AndroidManifest.xml:2:1
	package
		ADDED from AndroidManifest.xml:3:5
		INJECTED from AndroidManifest.xml:0:0
		INJECTED from AndroidManifest.xml:0:0
	android:versionName
		ADDED from AndroidManifest.xml:5:5
		INJECTED from AndroidManifest.xml:0:0
		INJECTED from AndroidManifest.xml:0:0
	android:versionCode
		ADDED from AndroidManifest.xml:4:5
		INJECTED from AndroidManifest.xml:0:0
		INJECTED from AndroidManifest.xml:0:0
	xmlns:android
		ADDED from AndroidManifest.xml:2:11
uses-sdk
ADDED from AndroidManifest.xml:7:5
MERGED from org.ros.android_core:android_10:0.2.0:8:5
	android:targetSdkVersion
		INJECTED from AndroidManifest.xml:0:0
		INJECTED from AndroidManifest.xml:0:0
	android:minSdkVersion
		ADDED from AndroidManifest.xml:7:15
		INJECTED from AndroidManifest.xml:0:0
		INJECTED from AndroidManifest.xml:0:0
uses-permission#android.permission.ACCESS_WIFI_STATE
ADDED from AndroidManifest.xml:9:5
MERGED from org.ros.android_core:android_10:0.2.0:13:5
	android:name
		ADDED from AndroidManifest.xml:9:22
uses-permission#android.permission.CAMERA
ADDED from AndroidManifest.xml:10:5
	android:name
		ADDED from AndroidManifest.xml:10:22
uses-permission#android.permission.CHANGE_WIFI_STATE
ADDED from AndroidManifest.xml:11:5
MERGED from org.ros.android_core:android_10:0.2.0:14:5
	android:name
		ADDED from AndroidManifest.xml:11:22
uses-permission#android.permission.INTERNET
ADDED from AndroidManifest.xml:12:5
	android:name
		ADDED from AndroidManifest.xml:12:22
uses-permission#android.permission.WAKE_LOCK
ADDED from AndroidManifest.xml:13:5
MERGED from org.ros.android_core:android_10:0.2.0:15:5
	android:name
		ADDED from AndroidManifest.xml:13:22
uses-permission#android.permission.WRITE_EXTERNAL_STORAGE
ADDED from AndroidManifest.xml:14:5
MERGED from org.ros.android_core:android_10:0.2.0:12:5
	android:name
		ADDED from AndroidManifest.xml:14:22
application
ADDED from AndroidManifest.xml:16:5
MERGED from org.ros.android_core:android_10:0.2.0:18:5
	android:label
		ADDED from AndroidManifest.xml:18:9
	android:icon
		ADDED from AndroidManifest.xml:17:9
activity#org.chadrockey.android.android_camera_driver.MainActivity
ADDED from AndroidManifest.xml:20:9
	android:screenOrientation
		ADDED from AndroidManifest.xml:24:13
	android:label
		ADDED from AndroidManifest.xml:23:13
	android:configChanges
		ADDED from AndroidManifest.xml:22:13
	android:name
		ADDED from AndroidManifest.xml:21:13
intent-filter#android.intent.action.MAIN+android.intent.category.LAUNCHER
ADDED from AndroidManifest.xml:25:13
action#android.intent.action.MAIN
ADDED from AndroidManifest.xml:26:17
	android:name
		ADDED from AndroidManifest.xml:26:25
category#android.intent.category.LAUNCHER
ADDED from AndroidManifest.xml:28:17
	android:name
		ADDED from AndroidManifest.xml:28:27
activity#org.ros.android.MasterChooser
ADDED from AndroidManifest.xml:31:9
MERGED from org.ros.android_core:android_10:0.2.0:21:9
	android:label
		ADDED from org.ros.android_core:android_10:0.2.0:23:13
	android:launchMode
		ADDED from org.ros.android_core:android_10:0.2.0:24:13
	android:name
		ADDED from AndroidManifest.xml:31:19
service#org.ros.android.NodeMainExecutorService
ADDED from AndroidManifest.xml:33:9
MERGED from org.ros.android_core:android_10:0.2.0:26:9
	tools:ignore
		ADDED from org.ros.android_core:android_10:0.2.0:28:13
	android:name
		ADDED from AndroidManifest.xml:33:18
uses-permission#android.permission.SYSTEM_ALERT_WINDOW
ADDED from org.ros.android_core:android_10:0.2.0:16:5
	android:name
		ADDED from org.ros.android_core:android_10:0.2.0:16:22
intent-filter#org.ros.android.NodeMainExecutorService
ADDED from org.ros.android_core:android_10:0.2.0:29:13
action#org.ros.android.NodeMainExecutorService
ADDED from org.ros.android_core:android_10:0.2.0:30:17
	android:name
		ADDED from org.ros.android_core:android_10:0.2.0:30:25